# Streamlit App Monitor Log
# Format: TIMESTAMP | URL | STATUS
2025-12-18 13:15:02 | https://amsamms-scatter-plotter-scatter-plotter-f4ojyj.streamlit.app/ | ACTIVE
2025-12-18 13:15:09 | https://amsamms-general-machine-learning-algorithm-main-rs6nt9.streamlit.app/ | ACTIVE
2025-12-18 13:15:17 | https://datasetanalysis-0.streamlit.app/ | ACTIVE
2025-12-18 13:15:24 | https://pdf-table-extract.streamlit.app/ | ACTIVE
2025-12-18 13:15:31 | https://images-table-extractor.streamlit.app/ | ACTIVE
2025-12-18 13:15:39 | https://unit-converter-engineering.streamlit.app/ | ACTIVE
2025-12-18 13:15:46 | https://gas-density-calculator-r.streamlit.app/ | ACTIVE
2025-12-18 13:15:54 | https://envelopplotter.streamlit.app/ | ACTIVE
2025-12-18 13:16:01 | https://liquid-control-valves-eval.streamlit.app/ | ACTIVE
2025-12-18 13:16:08 | https://gas-control-valves-evaluation.streamlit.app/ | ACTIVE
2025-12-18 13:16:15 | https://sabri-gpt-chatbot.streamlit.app/ | ACTIVE
2025-12-18 13:16:23 | https://assistant-api-sabri.streamlit.app/ | ACTIVE
2025-12-18 13:16:30 | https://movie-retriever.streamlit.app/ | ACTIVE
2025-12-18 13:16:37 | https://h2-prediction.streamlit.app/ | ACTIVE
2025-12-18 13:16:45 | https://ai-league.streamlit.app/ | ACTIVE
2025-12-18 13:16:52 | https://fired-heater-calcs.streamlit.app/ | ACTIVE
2025-12-18 13:16:59 | https://flow-meter-correction.streamlit.app/ | ACTIVE
2025-12-18 13:17:06 | https://rag-demonstration.streamlit.app/ | ACTIVE
2025-12-18 16:04:46 | https://amsamms-scatter-plotter-scatter-plotter-f4ojyj.streamlit.app/ | ACTIVE
2025-12-18 16:04:53 | https://amsamms-general-machine-learning-algorithm-main-rs6nt9.streamlit.app/ | ACTIVE
2025-12-18 16:05:01 | https://datasetanalysis-0.streamlit.app/ | ACTIVE
2025-12-18 16:05:08 | https://pdf-table-extract.streamlit.app/ | ACTIVE
2025-12-18 16:05:16 | https://images-table-extractor.streamlit.app/ | ACTIVE
2025-12-18 16:05:23 | https://unit-converter-engineering.streamlit.app/ | ACTIVE
2025-12-18 16:05:30 | https://gas-density-calculator-r.streamlit.app/ | ACTIVE
2025-12-18 16:05:38 | https://envelopplotter.streamlit.app/ | ACTIVE
2025-12-18 16:05:45 | https://liquid-control-valves-eval.streamlit.app/ | ACTIVE
2025-12-18 16:05:52 | https://gas-control-valves-evaluation.streamlit.app/ | ACTIVE
2025-12-18 16:05:59 | https://sabri-gpt-chatbot.streamlit.app/ | ACTIVE
2025-12-18 16:06:07 | https://assistant-api-sabri.streamlit.app/ | ACTIVE
2025-12-18 16:06:14 | https://movie-retriever.streamlit.app/ | ACTIVE
2025-12-18 16:06:21 | https://h2-prediction.streamlit.app/ | ACTIVE
2025-12-18 16:06:28 | https://ai-league.streamlit.app/ | ACTIVE
2025-12-18 16:06:36 | https://fired-heater-calcs.streamlit.app/ | ACTIVE
2025-12-18 16:06:43 | https://flow-meter-correction.streamlit.app/ | ACTIVE
2025-12-18 16:06:50 | https://rag-demonstration.streamlit.app/ | ACTIVE
